app/build/intermediates/manifest_merge_blame_file/debug/manifest-merger-blame-debug-report.txt
1<?xml version="1.0" encoding="utf-8"?>
2<manifest xmlns:android="http://schemas.android.com/apk/res/android"
3    package="com.example.first_try"
4    android:versionCode="1"
5    android:versionName="1.0" >
6
7    <uses-sdk
8        android:minSdkVersion="21"
8-->src\main\AndroidManifest.xml
9        android:targetSdkVersion="29" />
9-->src\main\AndroidManifest.xml
10
11    <uses-permission android:name="android.permission.CALL_PHONE" />
11-->src\main\AndroidManifest.xml:5:5-69
11-->src\main\AndroidManifest.xml:5:22-66
12
13    <application
13-->src\main\AndroidManifest.xml:7:5-48:19
14        android:allowBackup="true"
14-->src\main\AndroidManifest.xml:8:9-35
15        android:appComponentFactory="androidx.core.app.CoreComponentFactory"
15-->[androidx.core:core:1.1.0] AndroidManifest.xml:24:18-86
16        android:debuggable="true"
17        android:icon="@mipmap/ic_launcher"
17-->src\main\AndroidManifest.xml:9:9-43
18        android:label="@string/app_name"
18-->src\main\AndroidManifest.xml:10:9-41
19        android:roundIcon="@mipmap/ic_launcher_round"
19-->src\main\AndroidManifest.xml:11:9-54
20        android:supportsRtl="true"
20-->src\main\AndroidManifest.xml:12:9-35
21        android:testOnly="true"
22        android:theme="@style/AppTheme" >
22-->src\main\AndroidManifest.xml:13:9-40
23        <activity
23-->src\main\AndroidManifest.xml:14:9-18:20
24            android:name="com.example.first_try.Coint"
24-->src\main\AndroidManifest.xml:15:13-34
25            android:label="Μετατροπή Νομίσματος" >
25-->src\main\AndroidManifest.xml:16:13-49
26        </activity>
27        <activity
27-->src\main\AndroidManifest.xml:19:9-22:58
28            android:name="com.example.first_try.FRA_MAIN"
28-->src\main\AndroidManifest.xml:20:13-37
29            android:label="Γαλλία"
29-->src\main\AndroidManifest.xml:21:13-35
30            android:parentActivityName="com.example.first_try.MainActivity" />
30-->src\main\AndroidManifest.xml:22:13-55
31        <activity
31-->src\main\AndroidManifest.xml:23:9-26:58
32            android:name="com.example.first_try.IT_MAIN"
32-->src\main\AndroidManifest.xml:24:13-36
33            android:label="Ιταλία"
33-->src\main\AndroidManifest.xml:25:13-35
34            android:parentActivityName="com.example.first_try.MainActivity" />
34-->src\main\AndroidManifest.xml:26:13-55
35        <activity
35-->src\main\AndroidManifest.xml:27:9-29:43
36            android:name="com.example.first_try.Translate_ENG"
36-->src\main\AndroidManifest.xml:28:13-42
37            android:label="Μεταφράσεις" />
37-->src\main\AndroidManifest.xml:29:13-40
38        <activity
38-->src\main\AndroidManifest.xml:30:9-32:43
39            android:name="com.example.first_try.Translate_IT"
39-->src\main\AndroidManifest.xml:31:13-41
40            android:label="Μεταφράσεις" />
40-->src\main\AndroidManifest.xml:32:13-40
41        <activity
41-->src\main\AndroidManifest.xml:33:9-35:43
42            android:name="com.example.first_try.Translate_FRA"
42-->src\main\AndroidManifest.xml:34:13-42
43            android:label="Μεταφράσεις" />
43-->src\main\AndroidManifest.xml:35:13-40
44        <activity
44-->src\main\AndroidManifest.xml:36:9-39:58
45            android:name="com.example.first_try.ENG_MAIN"
45-->src\main\AndroidManifest.xml:37:13-37
46            android:label="Αγγλία"
46-->src\main\AndroidManifest.xml:38:13-35
47            android:parentActivityName="com.example.first_try.MainActivity" />
47-->src\main\AndroidManifest.xml:39:13-55
48        <activity android:name="com.example.first_try.MainActivity" >
48-->src\main\AndroidManifest.xml:41:9-47:20
48-->src\main\AndroidManifest.xml:41:19-47
49            <intent-filter>
49-->src\main\AndroidManifest.xml:42:13-46:29
50                <action android:name="android.intent.action.MAIN" />
50-->src\main\AndroidManifest.xml:43:17-69
50-->src\main\AndroidManifest.xml:43:25-66
51
52                <category android:name="android.intent.category.LAUNCHER" />
52-->src\main\AndroidManifest.xml:45:17-77
52-->src\main\AndroidManifest.xml:45:27-74
53            </intent-filter>
54        </activity>
55    </application>
56
57</manifest>